[2023-06-12T09:43:16.055699+02:00] PHP_BASICS.INFO: SELECT * FROM tasks [] []
[2023-06-12T09:43:54.476467+02:00] PHP_BASICS.INFO: INSERT INTO tasks (description) VALUES (?) [] []
[2023-06-12T09:43:54.634957+02:00] PHP_BASICS.INFO: SELECT * FROM tasks [] []
[2023-06-12T09:44:04.243116+02:00] PHP_BASICS.INFO: DELETE FROM tasks WHERE id = 1 [] []
[2023-06-12T09:44:04.364422+02:00] PHP_BASICS.INFO: SELECT * FROM tasks [] []
[2023-06-12T09:44:22.048631+02:00] PHP_BASICS.INFO: INSERT INTO tasks (description) VALUES (?) [] []
[2023-06-12T09:44:22.199535+02:00] PHP_BASICS.INFO: SELECT * FROM tasks [] []
[2023-06-12T09:44:24.032918+02:00] PHP_BASICS.INFO: SELECT * FROM tasks [] []
[2023-06-12T09:44:24.903281+02:00] PHP_BASICS.INFO: SELECT * FROM tasks WHERE completed = 0 [] []
[2023-06-12T09:44:26.089065+02:00] PHP_BASICS.INFO: SELECT * FROM tasks WHERE completed = 1 [] []
[2023-06-12T09:44:28.209671+02:00] PHP_BASICS.INFO: SELECT * FROM tasks WHERE completed = 0 [] []
[2023-06-12T09:44:29.850481+02:00] PHP_BASICS.INFO: SELECT * FROM tasks [] []
[2023-06-12T09:44:46.755144+02:00] PHP_BASICS.INFO: UPDATE tasks SET completed = ?  WHERE id = 2 [] []
[2023-06-12T09:44:46.819929+02:00] PHP_BASICS.INFO: SELECT * FROM tasks [] []
[2023-06-12T09:44:50.076484+02:00] PHP_BASICS.INFO: SELECT * FROM tasks WHERE completed = 1 [] []
[2023-06-12T09:44:51.810988+02:00] PHP_BASICS.INFO: SELECT * FROM tasks WHERE completed = 1 [] []
[2023-06-12T09:44:53.013636+02:00] PHP_BASICS.INFO: SELECT * FROM tasks WHERE completed = 0 [] []
[2023-06-12T09:44:54.987140+02:00] PHP_BASICS.INFO: SELECT * FROM tasks [] []
[2023-06-12T09:44:56.817781+02:00] PHP_BASICS.INFO: SELECT * FROM tasks WHERE completed = 1 [] []
[2023-06-12T09:44:59.160880+02:00] PHP_BASICS.INFO: UPDATE tasks SET completed = ?  WHERE id = 2 [] []
[2023-06-12T09:44:59.244457+02:00] PHP_BASICS.INFO: SELECT * FROM tasks WHERE completed = 1 [] []
[2023-06-12T09:45:00.985422+02:00] PHP_BASICS.INFO: SELECT * FROM tasks WHERE completed = 0 [] []
[2023-06-12T09:45:01.965988+02:00] PHP_BASICS.INFO: SELECT * FROM tasks [] []
